<?xml version="1.0" encoding="UTF-8"?>
<testng-results skipped="0" failed="0" ignored="0" total="3" passed="3">
  <reporter-output>
  </reporter-output>
  <suite name="Hub spot Test automtion regression suite" duration-ms="23979" started-at="2020-06-07T07:18:15Z" finished-at="2020-06-07T07:18:39Z">
    <groups>
    </groups>
    <test name="login page test" duration-ms="23979" started-at="2020-06-07T07:18:15Z" finished-at="2020-06-07T07:18:39Z">
      <class name="com.qa.hubspot.tests.LoginPageTest">
        <test-method status="PASS" signature="setup()[pri:0, instance:com.qa.hubspot.tests.LoginPageTest@7ba18f1b]" name="setup" is-config="true" duration-ms="13733" started-at="2020-06-07T07:18:15Z" finished-at="2020-06-07T07:18:28Z">
          <reporter-output>
          </reporter-output>
        </test-method> <!-- setup -->
        <test-method status="PASS" signature="veifySignUpLinkTest()[pri:1, instance:com.qa.hubspot.tests.LoginPageTest@7ba18f1b]" name="veifySignUpLinkTest" duration-ms="8616" started-at="2020-06-07T07:18:28Z" finished-at="2020-06-07T07:18:37Z">
          <reporter-output>
          </reporter-output>
        </test-method> <!-- veifySignUpLinkTest -->
        <test-method status="PASS" signature="verifyLoginPageTitleTest()[pri:2, instance:com.qa.hubspot.tests.LoginPageTest@7ba18f1b]" name="verifyLoginPageTitleTest" duration-ms="51" started-at="2020-06-07T07:18:37Z" finished-at="2020-06-07T07:18:37Z">
          <reporter-output>
          </reporter-output>
        </test-method> <!-- verifyLoginPageTitleTest -->
        <test-method status="PASS" signature="loginTest()[pri:3, instance:com.qa.hubspot.tests.LoginPageTest@7ba18f1b]" name="loginTest" duration-ms="865" started-at="2020-06-07T07:18:37Z" finished-at="2020-06-07T07:18:38Z">
          <reporter-output>
          </reporter-output>
        </test-method> <!-- loginTest -->
        <test-method status="PASS" signature="tearDown()[pri:0, instance:com.qa.hubspot.tests.LoginPageTest@7ba18f1b]" name="tearDown" is-config="true" duration-ms="621" started-at="2020-06-07T07:18:38Z" finished-at="2020-06-07T07:18:39Z">
          <reporter-output>
          </reporter-output>
        </test-method> <!-- tearDown -->
      </class> <!-- com.qa.hubspot.tests.LoginPageTest -->
    </test> <!-- login page test -->
  </suite> <!-- Hub spot Test automtion regression suite -->
</testng-results>
